  task2.cpp
D:\Faks\2.godina\1.semestar\ASP2\3.domaci\Task2\Task2\task2.cpp(21,21): warning C4018:  '<': signed/unsigned mismatch
D:\Faks\2.godina\1.semestar\ASP2\3.domaci\Task2\Task2\task2.cpp(36,20): warning C4018:  '<': signed/unsigned mismatch
D:\Faks\2.godina\1.semestar\ASP2\3.domaci\Task2\Task2\task2.cpp(57,21): warning C4018:  '<': signed/unsigned mismatch
D:\Faks\2.godina\1.semestar\ASP2\3.domaci\Task2\Task2\task2.cpp(72,21): warning C4018:  '<': signed/unsigned mismatch
D:\Faks\2.godina\1.semestar\ASP2\3.domaci\Task2\Task2\task2.cpp(80,21): warning C4018:  '<': signed/unsigned mismatch
D:\Faks\2.godina\1.semestar\ASP2\3.domaci\Task2\Task2\task2.cpp(103,21): warning C4018:  '<': signed/unsigned mismatch
D:\Faks\2.godina\1.semestar\ASP2\3.domaci\Task2\Task2\task2.cpp(122,21): warning C4018:  '<': signed/unsigned mismatch
D:\Faks\2.godina\1.semestar\ASP2\3.domaci\Task2\Task2\task2.cpp(140,21): warning C4018:  '<': signed/unsigned mismatch
D:\Faks\2.godina\1.semestar\ASP2\3.domaci\Task2\Task2\task2.cpp(215,21): warning C4018:  '<': signed/unsigned mismatch
D:\Faks\2.godina\1.semestar\ASP2\3.domaci\Task2\Task2\task2.cpp(223,20): warning C4018:  '<': signed/unsigned mismatch
D:\Faks\2.godina\1.semestar\ASP2\3.domaci\Task2\Task2\task2.cpp(233,20): warning C4018:  '<': signed/unsigned mismatch
D:\Faks\2.godina\1.semestar\ASP2\3.domaci\Task2\Task2\task2.cpp(243,12): warning C4244:  'initializing': conversion from 'double' to 'int', possible loss of data
D:\Faks\2.godina\1.semestar\ASP2\3.domaci\Task2\Task2\task2.cpp(245,21): warning C4018:  '<': signed/unsigned mismatch
D:\Faks\2.godina\1.semestar\ASP2\3.domaci\Task2\Task2\task2.cpp(253,21): warning C4018:  '<': signed/unsigned mismatch
D:\Faks\2.godina\1.semestar\ASP2\3.domaci\Task2\Task2\task2.cpp(363,21): warning C4018:  '<': signed/unsigned mismatch
D:\Faks\2.godina\1.semestar\ASP2\3.domaci\Task2\Task2\task2.cpp(371,20): warning C4018:  '<': signed/unsigned mismatch
D:\Faks\2.godina\1.semestar\ASP2\3.domaci\Task2\Task2\task2.cpp(455,21): warning C4018:  '<': signed/unsigned mismatch
D:\Faks\2.godina\1.semestar\ASP2\3.domaci\Task2\Task2\task2.cpp(501,21): warning C4018:  '<': signed/unsigned mismatch
D:\Faks\2.godina\1.semestar\ASP2\3.domaci\Task2\Task2\task2.cpp(517,21): warning C4018:  '<': signed/unsigned mismatch
D:\Faks\2.godina\1.semestar\ASP2\3.domaci\Task2\Task2\task2.cpp(550,21): warning C4018:  '<': signed/unsigned mismatch
D:\Faks\2.godina\1.semestar\ASP2\3.domaci\Task2\Task2\task2.cpp(599,36): warning C4244:  '=': conversion from 'double' to 'int', possible loss of data
D:\Faks\2.godina\1.semestar\ASP2\3.domaci\Task2\Task2\task2.cpp(604,20): warning C4018:  '<': signed/unsigned mismatch
D:\Faks\2.godina\1.semestar\ASP2\3.domaci\Task2\Task2\task2.cpp(610,20): warning C4018:  '<': signed/unsigned mismatch
D:\Faks\2.godina\1.semestar\ASP2\3.domaci\Task2\Task2\task2.cpp(621,36): warning C4244:  '=': conversion from 'double' to 'int', possible loss of data
D:\Faks\2.godina\1.semestar\ASP2\3.domaci\Task2\Task2\task2.cpp(654,20): warning C4018:  '<': signed/unsigned mismatch
  Task2.vcxproj -> D:\Faks\2.godina\1.semestar\ASP2\3.domaci\Task2\Debug\Task2.exe
