  main.cpp
C:\Program Files (x86)\Microsoft Visual Studio\2019\Community\VC\Tools\MSVC\14.29.30133\include\tuple(170,47): warning C4244: 'initializing': conversion from 'const double' to '_Ty', possible loss of data
          with
          [
              _Ty=int
          ]
C:\Program Files (x86)\Microsoft Visual Studio\2019\Community\VC\Tools\MSVC\14.29.30133\include\tuple(258): message : see reference to function template instantiation 'std::_Tuple_val<_This>::_Tuple_val<const double&>(_Other)' being compiled
          with
          [
              _This=int,
              _Other=const double &
          ]
C:\Program Files (x86)\Microsoft Visual Studio\2019\Community\VC\Tools\MSVC\14.29.30133\include\tuple(258): message : see reference to function template instantiation 'std::_Tuple_val<_This>::_Tuple_val<const double&>(_Other)' being compiled
          with
          [
              _This=int,
              _Other=const double &
          ]
C:\Program Files (x86)\Microsoft Visual Studio\2019\Community\VC\Tools\MSVC\14.29.30133\include\tuple(258): message : see reference to function template instantiation 'std::tuple<int>::tuple<std::_Exact_args_t,const double&,,0>(_Tag,_This2)' being compiled
          with
          [
              _Tag=std::_Exact_args_t,
              _This2=const double &
          ]
C:\Program Files (x86)\Microsoft Visual Studio\2019\Community\VC\Tools\MSVC\14.29.30133\include\tuple(258): message : see reference to function template instantiation 'std::tuple<int>::tuple<std::_Exact_args_t,const double&,,0>(_Tag,_This2)' being compiled
          with
          [
              _Tag=std::_Exact_args_t,
              _This2=const double &
          ]
C:\Program Files (x86)\Microsoft Visual Studio\2019\Community\VC\Tools\MSVC\14.29.30133\include\tuple(258): message : see reference to function template instantiation 'std::tuple<double,int>::tuple<std::_Exact_args_t,const int&,const double&,0>(_Tag,_This2,const double &)' being compiled
          with
          [
              _Tag=std::_Exact_args_t,
              _This2=const int &
          ]
C:\Program Files (x86)\Microsoft Visual Studio\2019\Community\VC\Tools\MSVC\14.29.30133\include\tuple(258): message : see reference to function template instantiation 'std::tuple<double,int>::tuple<std::_Exact_args_t,const int&,const double&,0>(_Tag,_This2,const double &)' being compiled
          with
          [
              _Tag=std::_Exact_args_t,
              _This2=const int &
          ]
C:\Program Files (x86)\Microsoft Visual Studio\2019\Community\VC\Tools\MSVC\14.29.30133\include\tuple(878): message : see reference to function template instantiation 'std::tuple<Artikal *,double,int>::tuple<std::_Exact_args_t,Artikal*const &,const int&,const double&,0>(_Tag,_This2,const int &,const double &)' being compiled
          with
          [
              _Tag=std::_Exact_args_t,
              _This2=Artikal *const &
          ]
C:\Program Files (x86)\Microsoft Visual Studio\2019\Community\VC\Tools\MSVC\14.29.30133\include\tuple(878): message : see reference to function template instantiation 'std::tuple<Artikal *,double,int>::tuple<std::_Exact_args_t,Artikal*const &,const int&,const double&,0>(_Tag,_This2,const int &,const double &)' being compiled
          with
          [
              _Tag=std::_Exact_args_t,
              _This2=Artikal *const &
          ]
C:\Program Files (x86)\Microsoft Visual Studio\2019\Community\VC\Tools\MSVC\14.29.30133\include\tuple(265): message : see reference to function template instantiation 'std::tuple<Artikal *,double,int>::tuple<std::_Unpack_tuple_t,const std::tuple<Artikal *,int,double>&,0,1,2,0>(_Tag,_Tpl,std::integer_sequence<size_t,0,1,2>)' being compiled
          with
          [
              _Tag=std::_Unpack_tuple_t,
              _Tpl=const std::tuple<Artikal *,int,double> &
          ]
C:\Program Files (x86)\Microsoft Visual Studio\2019\Community\VC\Tools\MSVC\14.29.30133\include\tuple(265): message : see reference to function template instantiation 'std::tuple<Artikal *,double,int>::tuple<std::_Unpack_tuple_t,const std::tuple<Artikal *,int,double>&,0,1,2,0>(_Tag,_Tpl,std::integer_sequence<size_t,0,1,2>)' being compiled
          with
          [
              _Tag=std::_Unpack_tuple_t,
              _Tpl=const std::tuple<Artikal *,int,double> &
          ]
C:\Program Files (x86)\Microsoft Visual Studio\2019\Community\VC\Tools\MSVC\14.29.30133\include\tuple(369): message : see reference to function template instantiation 'std::tuple<Artikal *,double,int>::tuple<std::_Unpack_tuple_t,const std::tuple<Artikal *,int,double>&,0>(_Tag,_Tpl)' being compiled
          with
          [
              _Tag=std::_Unpack_tuple_t,
              _Tpl=const std::tuple<Artikal *,int,double> &
          ]
C:\Program Files (x86)\Microsoft Visual Studio\2019\Community\VC\Tools\MSVC\14.29.30133\include\tuple(369): message : see reference to function template instantiation 'std::tuple<Artikal *,double,int>::tuple<std::_Unpack_tuple_t,const std::tuple<Artikal *,int,double>&,0>(_Tag,_Tpl)' being compiled
          with
          [
              _Tag=std::_Unpack_tuple_t,
              _Tpl=const std::tuple<Artikal *,int,double> &
          ]
C:\Users\pavle.DESKTOP-95D95E9\source\repos\Lab3_V2\Lab3_V2\main.cpp(38): message : see reference to function template instantiation 'std::tuple<Artikal *,double,int>::tuple<Artikal*,int,double,0>(const std::tuple<Artikal *,int,double> &) noexcept' being compiled
C:\Users\pavle.DESKTOP-95D95E9\source\repos\Lab3_V2\Lab3_V2\main.cpp(38): message : see reference to function template instantiation 'std::tuple<Artikal *,double,int>::tuple<Artikal*,int,double,0>(const std::tuple<Artikal *,int,double> &) noexcept' being compiled
  posiljka.cpp
  prodavac.cpp
  rukovalac.cpp
  Generating Code...
  Lab3_V2.vcxproj -> C:\Users\pavle.DESKTOP-95D95E9\source\repos\Lab3_V2\Debug\Lab3_V2.exe
